<?xml version="1.0" encoding="UTF-8"?>
<!-- Generated by org.testng.reporters.JUnitReportReporter -->
<testsuite hostname="HpPoonam" failures="0" tests="2" name="Test.testonSD" time="0.687" errors="0" timestamp="2023-09-01T13:30:38 IST" skipped="0">
  <testcase classname="Test.testonSD" name="loginToSDemo" time="0.433"/>
  <testcase classname="Test.testonSD" name="getgreatestPrice" time="0.254"/>
</testsuite> <!-- Test.testonSD -->
